c:\users\davi_\source\repos\dungeoncrawler2_aok_dcg\dungeoncrawler2_aok_dcg\x64\debug\vc143.pdb
c:\users\davi_\source\repos\dungeoncrawler2_aok_dcg\dungeoncrawler2_aok_dcg\x64\debug\vc143.idb
c:\users\davi_\source\repos\dungeoncrawler2_aok_dcg\dungeoncrawler2_aok_dcg\x64\debug\worldmap.obj
c:\users\davi_\source\repos\dungeoncrawler2_aok_dcg\dungeoncrawler2_aok_dcg\x64\debug\spawner.obj
c:\users\davi_\source\repos\dungeoncrawler2_aok_dcg\dungeoncrawler2_aok_dcg\x64\debug\portal.obj
c:\users\davi_\source\repos\dungeoncrawler2_aok_dcg\dungeoncrawler2_aok_dcg\x64\debug\map.obj
c:\users\davi_\source\repos\dungeoncrawler2_aok_dcg\dungeoncrawler2_aok_dcg\x64\debug\main.obj
c:\users\davi_\source\repos\dungeoncrawler2_aok_dcg\dungeoncrawler2_aok_dcg\x64\debug\inputmanager.obj
c:\users\davi_\source\repos\dungeoncrawler2_aok_dcg\dungeoncrawler2_aok_dcg\x64\debug\hero.obj
c:\users\davi_\source\repos\dungeoncrawler2_aok_dcg\dungeoncrawler2_aok_dcg\x64\debug\entity.obj
c:\users\davi_\source\repos\dungeoncrawler2_aok_dcg\dungeoncrawler2_aok_dcg\x64\debug\enemy.obj
c:\users\davi_\source\repos\dungeoncrawler2_aok_dcg\dungeoncrawler2_aok_dcg\x64\debug\consolecontrol.obj
c:\users\davi_\source\repos\dungeoncrawler2_aok_dcg\dungeoncrawler2_aok_dcg\x64\debug\collisions.obj
c:\users\davi_\source\repos\dungeoncrawler2_aok_dcg\dungeoncrawler2_aok_dcg\x64\debug\character.obj
c:\users\davi_\source\repos\dungeoncrawler2_aok_dcg\x64\debug\dungeoncrawler2_aok_dcg.pdb
c:\users\davi_\source\repos\dungeoncrawler2_aok_dcg\dungeoncrawler2_aok_dcg\x64\debug\dungeonc.2ad8782e.tlog\cl.command.1.tlog
c:\users\davi_\source\repos\dungeoncrawler2_aok_dcg\dungeoncrawler2_aok_dcg\x64\debug\dungeonc.2ad8782e.tlog\cl.read.1.tlog
c:\users\davi_\source\repos\dungeoncrawler2_aok_dcg\dungeoncrawler2_aok_dcg\x64\debug\dungeonc.2ad8782e.tlog\cl.write.1.tlog
c:\users\davi_\source\repos\dungeoncrawler2_aok_dcg\dungeoncrawler2_aok_dcg\x64\debug\dungeonc.2ad8782e.tlog\link-cvtres.read.1.tlog
c:\users\davi_\source\repos\dungeoncrawler2_aok_dcg\dungeoncrawler2_aok_dcg\x64\debug\dungeonc.2ad8782e.tlog\link-cvtres.write.1.tlog
c:\users\davi_\source\repos\dungeoncrawler2_aok_dcg\dungeoncrawler2_aok_dcg\x64\debug\dungeonc.2ad8782e.tlog\link-rc.read.1.tlog
c:\users\davi_\source\repos\dungeoncrawler2_aok_dcg\dungeoncrawler2_aok_dcg\x64\debug\dungeonc.2ad8782e.tlog\link-rc.write.1.tlog
c:\users\davi_\source\repos\dungeoncrawler2_aok_dcg\dungeoncrawler2_aok_dcg\x64\debug\dungeonc.2ad8782e.tlog\link.16256-cvtres.read.1.tlog
c:\users\davi_\source\repos\dungeoncrawler2_aok_dcg\dungeoncrawler2_aok_dcg\x64\debug\dungeonc.2ad8782e.tlog\link.16256-cvtres.write.1.tlog
c:\users\davi_\source\repos\dungeoncrawler2_aok_dcg\dungeoncrawler2_aok_dcg\x64\debug\dungeonc.2ad8782e.tlog\link.16256-rc.read.1.tlog
c:\users\davi_\source\repos\dungeoncrawler2_aok_dcg\dungeoncrawler2_aok_dcg\x64\debug\dungeonc.2ad8782e.tlog\link.16256-rc.write.1.tlog
c:\users\davi_\source\repos\dungeoncrawler2_aok_dcg\dungeoncrawler2_aok_dcg\x64\debug\dungeonc.2ad8782e.tlog\link.16256.read.1.tlog
c:\users\davi_\source\repos\dungeoncrawler2_aok_dcg\dungeoncrawler2_aok_dcg\x64\debug\dungeonc.2ad8782e.tlog\link.16256.read.2.tlog
c:\users\davi_\source\repos\dungeoncrawler2_aok_dcg\dungeoncrawler2_aok_dcg\x64\debug\dungeonc.2ad8782e.tlog\link.16256.write.1.tlog
c:\users\davi_\source\repos\dungeoncrawler2_aok_dcg\dungeoncrawler2_aok_dcg\x64\debug\dungeonc.2ad8782e.tlog\link.command.1.tlog
c:\users\davi_\source\repos\dungeoncrawler2_aok_dcg\dungeoncrawler2_aok_dcg\x64\debug\dungeonc.2ad8782e.tlog\link.read.1.tlog
c:\users\davi_\source\repos\dungeoncrawler2_aok_dcg\dungeoncrawler2_aok_dcg\x64\debug\dungeonc.2ad8782e.tlog\link.read.2.tlog
c:\users\davi_\source\repos\dungeoncrawler2_aok_dcg\dungeoncrawler2_aok_dcg\x64\debug\dungeonc.2ad8782e.tlog\link.write.1.tlog
